<?xml version="1.0" encoding="UTF-8"?>
<!-- Generated by org.testng.reporters.JUnitReportReporter -->
<testsuite hostname="din83000439" failures="0" tests="7" name="com.employees.testCases.TC_001_Get_All_Employees" time="0.066" errors="1" timestamp="2022-06-14T08:53:57 IST" skipped="0">
  <testcase classname="com.employees.testCases.TC_001_Get_All_Employees" name="checkResponseBody" time="0.027"/>
  <system-out/>
  <testcase classname="com.employees.testCases.TC_001_Get_All_Employees" name="checkResponseTime" time="0.005"/>
  <system-out/>
  <testcase classname="com.employees.testCases.TC_001_Get_All_Employees" name="checkstatusLine" time="0.006"/>
  <system-out/>
  <testcase classname="com.employees.testCases.TC_001_Get_All_Employees" name="checkContentLenght" time="0.010"/>
  <system-out/>
  <testcase classname="com.employees.testCases.TC_001_Get_All_Employees" name="checkContentType" time="0.004">
    <error message="expected:&lt;application/json&gt; but was:&lt;text/html; charset=UTF-8&gt;" type="junit.framework.ComparisonFailure">
      <![CDATA[junit.framework.ComparisonFailure: expected:<application/json> but was:<text/html; charset=UTF-8>
at junit.framework.Assert.assertEquals(Assert.java:81)
at junit.framework.Assert.assertEquals(Assert.java:87)
at com.employees.testCases.TC_001_Get_All_Employees.checkContentType(TC_001_Get_All_Employees.java:91)
at java.base/jdk.internal.reflect.NativeMethodAccessorImpl.invoke0(Native Method)
at java.base/jdk.internal.reflect.NativeMethodAccessorImpl.invoke(NativeMethodAccessorImpl.java:78)
at java.base/jdk.internal.reflect.DelegatingMethodAccessorImpl.invoke(DelegatingMethodAccessorImpl.java:43)
at java.base/java.lang.reflect.Method.invoke(Method.java:567)
at org.testng.internal.invokers.MethodInvocationHelper.invokeMethod(MethodInvocationHelper.java:139)
at org.testng.internal.invokers.TestInvoker.invokeMethod(TestInvoker.java:677)
at org.testng.internal.invokers.TestInvoker.invokeTestMethod(TestInvoker.java:221)
at org.testng.internal.invokers.MethodRunner.runInSequence(MethodRunner.java:50)
at org.testng.internal.invokers.TestInvoker$MethodInvocationAgent.invoke(TestInvoker.java:962)
at org.testng.internal.invokers.TestInvoker.invokeTestMethods(TestInvoker.java:194)
at org.testng.internal.invokers.TestMethodWorker.invokeTestMethods(TestMethodWorker.java:148)
at org.testng.internal.invokers.TestMethodWorker.run(TestMethodWorker.java:128)
at java.base/java.util.ArrayList.forEach(ArrayList.java:1511)
at org.testng.TestRunner.privateRun(TestRunner.java:806)
at org.testng.TestRunner.run(TestRunner.java:601)
at org.testng.SuiteRunner.runTest(SuiteRunner.java:433)
at org.testng.SuiteRunner.runSequentially(SuiteRunner.java:427)
at org.testng.SuiteRunner.privateRun(SuiteRunner.java:387)
at org.testng.SuiteRunner.run(SuiteRunner.java:330)
at org.testng.SuiteRunnerWorker.runSuite(SuiteRunnerWorker.java:52)
at org.testng.SuiteRunnerWorker.run(SuiteRunnerWorker.java:95)
at org.testng.TestNG.runSuitesSequentially(TestNG.java:1256)
at org.testng.TestNG.runSuitesLocally(TestNG.java:1176)
at org.testng.TestNG.runSuites(TestNG.java:1099)
at org.testng.TestNG.run(TestNG.java:1067)
at org.testng.remote.AbstractRemoteTestNG.run(AbstractRemoteTestNG.java:115)
at org.testng.remote.RemoteTestNG.initAndRun(RemoteTestNG.java:251)
at org.testng.remote.RemoteTestNG.main(RemoteTestNG.java:77)
]]>
    </error>
  </testcase> <!-- checkContentType -->
  <system-out/>
  <testcase classname="com.employees.testCases.TC_001_Get_All_Employees" name="checkcontentEncoding" time="0.006"/>
  <system-out/>
  <testcase classname="com.employees.testCases.TC_001_Get_All_Employees" name="checkStatusCode" time="0.008"/>
  <system-out/>
</testsuite> <!-- com.employees.testCases.TC_001_Get_All_Employees -->
